TN:
SF:src\components\Card\card.styles.ts
FN:4,(anonymous_0)
FN:41,(anonymous_1)
FNF:2
FNH:2
FNDA:47,(anonymous_0)
FNDA:47,(anonymous_1)
DA:1,3
DA:3,3
DA:11,47
DA:13,47
DA:34,3
DA:40,3
DA:48,47
DA:50,47
DA:64,3
LF:9
LH:9
BRF:0
BRH:0
end_of_record
TN:
SF:src\components\Card\index.tsx
FN:10,(anonymous_10)
FN:26,(anonymous_11)
FNF:2
FNH:2
FNDA:47,(anonymous_10)
FNDA:4,(anonymous_11)
DA:2,3
DA:3,3
DA:10,3
DA:14,47
DA:18,47
DA:26,4
DA:34,3
LF:7
LH:7
BRF:0
BRH:0
end_of_record
TN:
SF:src\components\CardDialog\card-dialog.styles.ts
FN:12,(anonymous_10)
FN:18,(anonymous_11)
FNF:2
FNH:2
FNDA:26,(anonymous_10)
FNDA:14,(anonymous_11)
DA:1,3
DA:2,3
DA:4,3
DA:12,26
DA:17,3
DA:25,14
DA:27,14
DA:48,3
LF:8
LH:8
BRF:0
BRH:0
end_of_record
TN:
SF:src\components\CardDialog\index.tsx
FN:11,(anonymous_9)
FNF:1
FNH:1
FNDA:26,(anonymous_9)
DA:1,3
DA:11,3
DA:18,26
DA:27,3
LF:4
LH:4
BRDA:21,0,0,26
BRDA:21,0,1,7
BRDA:21,0,2,7
BRF:3
BRH:3
end_of_record
TN:
SF:src\components\CardsContainer\cards-container.styles.ts
FNF:0
FNH:0
DA:1,2
DA:3,2
LF:2
LH:2
BRF:0
BRH:0
end_of_record
TN:
SF:src\components\CardsContainer\index.tsx
FN:11,(anonymous_10)
FN:16,(anonymous_11)
FN:17,(anonymous_12)
FN:18,(anonymous_13)
FN:22,(anonymous_14)
FN:28,(anonymous_15)
FNF:6
FNH:6
FNDA:22,(anonymous_10)
FNDA:3,(anonymous_11)
FNDA:3,(anonymous_12)
FNDA:3,(anonymous_13)
FNDA:2,(anonymous_14)
FNDA:42,(anonymous_15)
DA:1,2
DA:3,2
DA:4,2
DA:5,2
DA:11,2
DA:12,22
DA:13,22
DA:14,22
DA:16,22
DA:17,3
DA:18,3
DA:19,3
DA:22,22
DA:23,2
DA:26,22
DA:29,42
DA:46,2
LF:17
LH:17
BRF:0
BRH:0
end_of_record
TN:
SF:src\components\GalleryView\gallery-view-styles.ts
FN:4,(anonymous_1)
FN:11,(anonymous_2)
FN:17,(anonymous_3)
FNF:3
FNH:3
FNDA:6,(anonymous_1)
FNDA:1,(anonymous_2)
FNDA:1,(anonymous_3)
DA:1,1
DA:3,1
DA:4,6
DA:10,1
DA:11,1
DA:16,1
DA:17,1
LF:7
LH:7
BRF:0
BRH:0
end_of_record
TN:
SF:src\components\GalleryView\index.tsx
FN:13,(anonymous_10)
FN:23,(anonymous_11)
FNF:2
FNH:2
FNDA:20,(anonymous_10)
FNDA:8,(anonymous_11)
DA:1,1
DA:2,1
DA:4,1
DA:5,1
DA:6,1
DA:7,1
DA:13,1
DA:18,20
DA:20,20
DA:21,20
DA:23,20
DA:24,8
DA:26,6
DA:28,6
DA:29,0
DA:30,0
DA:32,6
DA:36,20
DA:37,19
DA:39,18
DA:45,1
LF:21
LH:19
BRDA:24,0,0,2
BRDA:28,1,0,0
BRDA:28,1,1,6
BRDA:36,2,0,1
BRDA:37,3,0,1
BRDA:39,4,0,12
BRDA:39,4,1,6
BRF:7
BRH:6
end_of_record
TN:
SF:src\components\Header\header.styles.ts
FN:4,(anonymous_9)
FNF:1
FNH:1
FNDA:8,(anonymous_9)
DA:1,1
DA:3,1
DA:5,8
DA:7,8
DA:20,1
DA:25,1
LF:6
LH:6
BRF:0
BRH:0
end_of_record
TN:
SF:src\components\Header\index.tsx
FN:9,(anonymous_10)
FNF:1
FNH:1
FNDA:8,(anonymous_10)
DA:1,1
DA:2,1
DA:9,1
DA:10,8
DA:24,1
LF:5
LH:5
BRF:0
BRH:0
end_of_record
TN:
SF:src\hooks\useCachedFetch.ts
FN:8,(anonymous_0)
FN:13,(anonymous_1)
FN:14,(anonymous_2)
FNF:3
FNH:3
FNDA:11,(anonymous_0)
FNDA:4,(anonymous_1)
FNDA:4,(anonymous_2)
DA:1,2
DA:8,2
DA:9,11
DA:10,11
DA:11,11
DA:13,11
DA:14,4
DA:15,4
DA:17,4
DA:18,2
DA:19,2
DA:20,2
DA:22,2
DA:23,1
DA:24,1
DA:28,3
DA:29,3
DA:30,3
DA:32,3
DA:34,3
DA:35,1
DA:38,2
DA:40,2
DA:42,2
DA:47,2
DA:49,1
DA:50,1
DA:53,3
DA:57,4
DA:60,11
LF:30
LH:30
BRDA:17,0,0,2
BRDA:22,1,0,1
BRDA:34,2,0,1
BRDA:49,3,0,1
BRF:4
BRH:4
end_of_record
TN:
SF:src\hooks\useDebounce.ts
FN:3,(anonymous_0)
FN:6,(anonymous_1)
FN:7,(anonymous_2)
FN:11,(anonymous_3)
FNF:4
FNH:4
FNDA:25,(anonymous_0)
FNDA:11,(anonymous_1)
FNDA:2,(anonymous_2)
FNDA:11,(anonymous_3)
DA:1,2
DA:3,2
DA:4,25
DA:6,25
DA:7,11
DA:8,2
DA:11,11
DA:14,25
DA:17,2
LF:9
LH:9
BRDA:3,0,0,20
BRF:1
BRH:1
end_of_record
TN:
SF:src\styled-components\themes.ts
FNF:0
FNH:0
DA:3,5
LF:1
LH:1
BRF:0
BRH:0
end_of_record
TN:
SF:src\ui\Modal\index.tsx
FN:7,(anonymous_0)
FNF:1
FNH:1
FNDA:26,(anonymous_0)
DA:1,3
DA:7,3
DA:8,26
DA:16,3
LF:4
LH:4
BRF:0
BRH:0
end_of_record
TN:
SF:src\utils\filterArr.ts
FN:4,(anonymous_0)
FN:6,(anonymous_1)
FN:9,(anonymous_2)
FNF:3
FNH:3
FNDA:5,(anonymous_0)
FNDA:15,(anonymous_1)
FNDA:8,(anonymous_2)
DA:2,2
DA:4,2
DA:5,5
DA:7,15
DA:10,8
DA:11,8
DA:14,5
LF:7
LH:7
BRF:0
BRH:0
end_of_record
TN:
SF:src\utils\modifyAuthor.ts
FN:3,(anonymous_1)
FN:6,(anonymous_2)
FNF:2
FNH:2
FNDA:14,(anonymous_1)
FNDA:29,(anonymous_2)
DA:1,3
DA:3,3
DA:4,14
DA:7,29
DA:8,17
DA:15,17
DA:17,12
LF:7
LH:7
BRDA:7,0,0,17
BRDA:7,0,1,12
BRF:2
BRH:2
end_of_record
