TN:
SF:src\components\Card\card.styles.ts
FN:4,(anonymous_0)
FN:35,(anonymous_1)
FNF:2
FNH:2
FNDA:30,(anonymous_0)
FNDA:30,(anonymous_1)
DA:1,3
DA:3,3
DA:5,30
DA:7,30
DA:28,3
DA:34,3
DA:36,30
DA:38,30
DA:52,3
LF:9
LH:9
BRF:0
BRH:0
end_of_record
TN:
SF:src\components\Card\index.tsx
FN:12,(anonymous_10)
FN:24,(anonymous_11)
FNF:2
FNH:2
FNDA:30,(anonymous_10)
FNDA:4,(anonymous_11)
DA:2,3
DA:3,3
DA:5,3
DA:12,3
DA:13,30
DA:15,30
DA:19,30
DA:24,4
DA:30,3
LF:9
LH:9
BRF:0
BRH:0
end_of_record
TN:
SF:src\components\CardDialog\card-dialog.styles.ts
FN:12,(anonymous_10)
FN:18,(anonymous_11)
FNF:2
FNH:2
FNDA:18,(anonymous_10)
FNDA:18,(anonymous_11)
DA:1,3
DA:2,3
DA:4,3
DA:12,18
DA:17,3
DA:19,18
DA:21,18
DA:42,3
LF:8
LH:8
BRF:0
BRH:0
end_of_record
TN:
SF:src\components\CardDialog\index.tsx
FN:12,(anonymous_9)
FNF:1
FNH:1
FNDA:18,(anonymous_9)
DA:2,3
DA:12,3
DA:13,18
DA:20,3
LF:4
LH:4
BRDA:16,0,0,18
BRDA:16,0,1,7
BRDA:16,0,2,7
BRF:3
BRH:3
end_of_record
TN:
SF:src\components\CardsContainer\cards-container.styles.ts
FNF:0
FNH:0
DA:1,2
DA:3,2
LF:2
LH:2
BRF:0
BRH:0
end_of_record
TN:
SF:src\components\CardsContainer\index.tsx
FN:12,(anonymous_10)
FN:17,(anonymous_11)
FN:18,(anonymous_12)
FN:19,(anonymous_13)
FN:23,(anonymous_14)
FN:29,(anonymous_15)
FNF:6
FNH:6
FNDA:14,(anonymous_10)
FNDA:3,(anonymous_11)
FNDA:3,(anonymous_12)
FNDA:3,(anonymous_13)
FNDA:2,(anonymous_14)
FNDA:25,(anonymous_15)
DA:1,2
DA:3,2
DA:4,2
DA:5,2
DA:6,2
DA:12,2
DA:13,14
DA:14,14
DA:15,14
DA:17,14
DA:18,3
DA:19,3
DA:20,3
DA:23,14
DA:24,2
DA:27,14
DA:30,25
DA:41,2
LF:18
LH:18
BRF:0
BRH:0
end_of_record
TN:
SF:src\components\GalleryView\gallery-view-styles.ts
FN:4,(anonymous_1)
FN:11,(anonymous_2)
FN:17,(anonymous_3)
FNF:3
FNH:3
FNDA:8,(anonymous_1)
FNDA:1,(anonymous_2)
FNDA:1,(anonymous_3)
DA:1,1
DA:3,1
DA:4,8
DA:10,1
DA:11,1
DA:16,1
DA:17,1
LF:7
LH:7
BRF:0
BRH:0
end_of_record
TN:
SF:src\components\GalleryView\index.tsx
FN:10,(anonymous_10)
FN:18,(anonymous_11)
FNF:2
FNH:2
FNDA:14,(anonymous_10)
FNDA:8,(anonymous_11)
DA:1,1
DA:2,1
DA:4,1
DA:5,1
DA:6,1
DA:7,1
DA:8,1
DA:10,1
DA:11,14
DA:13,14
DA:15,14
DA:16,14
DA:18,14
DA:19,8
DA:21,6
DA:23,6
DA:24,3
DA:25,3
DA:27,3
DA:31,14
DA:32,13
DA:34,12
DA:40,1
LF:23
LH:23
BRDA:19,0,0,2
BRDA:23,1,0,3
BRDA:23,1,1,3
BRDA:31,2,0,1
BRDA:32,3,0,1
BRDA:34,4,0,4
BRDA:34,4,1,8
BRF:7
BRH:7
end_of_record
TN:
SF:src\components\Header\header.styles.ts
FN:4,(anonymous_9)
FNF:1
FNH:1
FNDA:8,(anonymous_9)
DA:1,1
DA:3,1
DA:5,8
DA:7,8
DA:20,1
DA:25,1
LF:6
LH:6
BRF:0
BRH:0
end_of_record
TN:
SF:src\components\Header\index.tsx
FN:6,(anonymous_10)
FN:9,(anonymous_11)
FNF:2
FNH:2
FNDA:8,(anonymous_10)
FNDA:1,(anonymous_11)
DA:1,1
DA:2,1
DA:3,1
DA:4,1
DA:6,1
DA:7,8
DA:9,8
DA:10,1
DA:13,8
DA:22,1
LF:10
LH:10
BRF:0
BRH:0
end_of_record
TN:
SF:src\contexts\global-context\global-context.ts
FN:12,(anonymous_0)
FNF:1
FNH:0
FNDA:0,(anonymous_0)
DA:1,2
DA:10,2
LF:2
LH:2
BRF:0
BRH:0
end_of_record
TN:
SF:src\hooks\useCachedFetch\useCachedFetch.ts
FN:8,(anonymous_0)
FN:13,(anonymous_1)
FN:14,(anonymous_2)
FNF:3
FNH:3
FNDA:11,(anonymous_0)
FNDA:4,(anonymous_1)
FNDA:4,(anonymous_2)
DA:1,2
DA:8,2
DA:9,11
DA:10,11
DA:11,11
DA:13,11
DA:14,4
DA:15,4
DA:17,4
DA:18,2
DA:19,2
DA:20,2
DA:22,2
DA:23,1
DA:24,1
DA:28,3
DA:29,3
DA:30,3
DA:32,3
DA:34,3
DA:35,1
DA:38,2
DA:40,2
DA:42,2
DA:47,2
DA:49,1
DA:50,1
DA:53,3
DA:57,4
DA:60,11
LF:30
LH:30
BRDA:17,0,0,2
BRDA:22,1,0,1
BRDA:34,2,0,1
BRDA:49,3,0,1
BRF:4
BRH:4
end_of_record
TN:
SF:src\hooks\useDebounce\useDebounce.ts
FN:3,(anonymous_0)
FN:6,(anonymous_1)
FN:7,(anonymous_2)
FN:11,(anonymous_3)
FNF:4
FNH:4
FNDA:5,(anonymous_0)
FNDA:3,(anonymous_1)
FNDA:2,(anonymous_2)
FNDA:3,(anonymous_3)
DA:1,1
DA:3,1
DA:4,5
DA:6,5
DA:7,3
DA:8,2
DA:11,3
DA:14,5
DA:17,1
LF:9
LH:9
BRDA:3,0,0,0
BRF:1
BRH:0
end_of_record
TN:
SF:src\shared\ui\Modal\index.tsx
FN:8,(anonymous_0)
FNF:1
FNH:1
FNDA:14,(anonymous_0)
DA:2,2
DA:8,2
DA:9,14
DA:17,2
LF:4
LH:4
BRF:0
BRH:0
end_of_record
TN:
SF:src\shared\utils\filterCardsArr\filterCardsArr.ts
FN:4,(anonymous_0)
FN:5,(anonymous_1)
FNF:2
FNH:2
FNDA:8,(anonymous_0)
FNDA:21,(anonymous_1)
DA:2,2
DA:4,2
DA:5,8
DA:6,21
DA:7,9
DA:8,9
DA:11,21
DA:14,8
LF:8
LH:8
BRDA:6,0,0,9
BRF:1
BRH:1
end_of_record
TN:
SF:src\shared\utils\filterCardsArr\index.ts
FN:1,(anonymous_0)
FNF:1
FNH:1
FNDA:3,(anonymous_0)
DA:1,4
LF:1
LH:1
BRF:0
BRH:0
end_of_record
TN:
SF:src\shared\utils\modifyAuthor\index.ts
FN:1,(anonymous_0)
FNF:1
FNH:1
FNDA:15,(anonymous_0)
DA:1,18
LF:1
LH:1
BRF:0
BRH:0
end_of_record
TN:
SF:src\shared\utils\modifyAuthor\modifyAuthor.ts
FN:3,(anonymous_1)
FN:6,(anonymous_2)
FNF:2
FNH:2
FNDA:15,(anonymous_1)
FNDA:31,(anonymous_2)
DA:1,3
DA:3,3
DA:4,15
DA:7,31
DA:8,17
DA:12,17
DA:14,14
LF:7
LH:7
BRDA:7,0,0,17
BRDA:7,0,1,14
BRF:2
BRH:2
end_of_record
TN:
SF:src\shared\utils\modifyImgUrl\index.ts
FN:1,(anonymous_0)
FNF:1
FNH:1
FNDA:33,(anonymous_0)
DA:1,36
LF:1
LH:1
BRF:0
BRH:0
end_of_record
TN:
SF:src\shared\utils\modifyImgUrl\modifyImgUrl.ts
FN:1,(anonymous_0)
FNF:1
FNH:1
FNDA:38,(anonymous_0)
DA:1,4
DA:2,38
DA:3,38
DA:4,38
LF:4
LH:4
BRDA:1,0,0,36
BRDA:1,1,0,36
BRF:2
BRH:2
end_of_record
TN:
SF:src\styled-components\themes.ts
FNF:0
FNH:0
DA:3,5
LF:1
LH:1
BRF:0
BRH:0
end_of_record
